****************************************
* Program name : CLEAN.EDI
* Author       : Greg Bino
* Date written : Jan 28, 2016
* Library      : FBBP
* COPYRIGHT (C) 1998 - AFS LOGISTICS LLC - ALL RIGHTS RESERVED.
*
*
* This program clears out files used to send emails
*
* Last updated by DEV (gregbino) at 08:37:09 on 10/01/2001.
*
* Start modification history
* Mod nn  mm/dd/yy, init, req #, description
* End modification history
*
****************************************
      COMMON PROGPARAMS(24)
      EQU PROGFROM TO PROGPARAMS(1)
      EQU USER TO PROGPARAMS(2)
      EQU PROCDATE TO PROGPARAMS(3)
      EQU CHNUM TO PROGPARAMS(4)
********      CALL CHANNEL(CH.NUM)
****      CALL GET.USER(USER)
      PROG.NAME = "CLEAN.EDI"
      * Begin GRB01
      VIN1=""
      VIN1<1> = PROG.NAME
      VIN1<2> = USER
      VIN1<3> = SYSTEM(18)
      VIN1<4> = "S"
      ****    CALL PROGTRACK(VIN1,VOUT1)
      * End GRB01

      EDI.H = 0
      OPEN '','EDIFTP.LOG' TO F.EDI ELSE CALL OPEN.ABORT('EDIFTP.LOG', PROG.NAME)

      TODAY = DATE()
      WINDOW = 180
      SELECT F.EDI
      EOJ = 0
      LOOP
         READNEXT ID ELSE EOJ = 1
      UNTIL EOJ DO
         READ DAT FROM F.EDI,ID THEN
            NEW.REC = ''
            LINE.CNT = DCOUNT(DAT,@AM)
            FOR I = 1 TO LINE.CNT
            	
               LINE.ITEM = DAT<I>
               LINE.DATE.POS = INDEX(LINE.ITEM,"-",1)
               LINE.DATE = LINE.ITEM[LINE.DATE.POS+2,10]
               LINE.DATE = TRIM(LINE.DATE)
               LINE.ICONV = ICONV(LINE.DATE,"D")
               IF LINE.ICONV GT (TODAY - WINDOW) THEN
                  
                  NEW.REC<-1> = LINE.ITEM
               END
            NEXT I

            DELETE F.EDI,ID
            WRITE NEW.REC ON F.EDI,ID

         END
        **** DEBUG
      REPEAT
      *
      DISPLAY "THAT'S ALL FOLK'S"
