SUBROUTINE UPD.AUD.LOG (VIN,VOUT)
**************************************************************** 
* Program name : UPD.AUD.LOG
* Author       : Greg Bino
* Date written : March 09, 2018
* Library      : FBBP
* COPYRIGHT (C) 2016 - AFS LOGISTICS LLC - ALL RIGHTS RESERVED.
*
* Updates the Online Maintenance History Files
*
* Last updated by afs (AFSLOGISTICS\gbino) at 07:01:32 on 03/09/2018.
*
* Start modification history
* 06/06/19 : NKH01 : ACCU-399 Change a null value to the word "NULL" to keep MV's in sync
* End modification history
*
*******************************************************************
      *
      $INCLUDE FBBP SYSTEM.INIT.INCLUDE
      *
      * Open Files
      *
        INIT.ERRS = ''
      OPEN '','AUDIT.LOG' TO LOG.FILE ELSE INIT.ERRS<-1> = 'AUDIT.LOG'

    
      SYS = @WHO
      *
      * Initialze fail exit
      *
      IF INIT.ERRS # '' THEN
         ERR.CNT = DCOUNT(INIT.ERRS,AM)
         *
         CRT @(0,23): 'Program: UPD.ONL.HIST ':
         CRT 'These files/items were not found - aborting!'
         *
         FOR LINE = 1 TO ERR.CNT
            CRT INIT.ERRS<LINE>
         NEXT LINE

         CRT 'Press <Enter> ':
         INPUT ANS
         STOP
      END
      *
      * Main loop
      *
      *  Initialize program specific variables
      *
      
      PROC.DTE = VIN<1>
      SYS.TME = VIN<2>
      DESCRIP = VIN<3>
      OLD.DATA = VIN<4>
      NEW.DATA = VIN<5>
      USER = VIN<6>
      RECORD.ID = VIN<7>
      SOURCE.PROCESS = VIN<8>
      SOURCE.FILE = VIN<9>
      PORT = VIN<10>
      AUD.ID = VIN<11>
      NO.ITEMS = ''
        
      SYS.TME = TIME()
      PROG = 'UPD.AUD.LOG'
      DESCRIP = TRIM(DESCRIP)
      BYPASS.RECORD.FLAG = 0
      *
      *
      * READ ONL-HIST*application code to determine number of changes to keep
      *
     **** READV NO.ITEMS FROM CODES,'ONL-HIST*':APPL.CODE,2 ELSE NULL
      BEGIN CASE
         CASE NO.ITEMS = 0 ; NO.ITEMS = 0
         CASE NO.ITEMS = '' ; NO.ITEMS = 100
         CASE NUM(NO.ITEMS) ; NULL
         CASE 1 ; NO.ITEMS = 50          ; * Default
      END CASE
      *
      * READ AUDIT LOG record or create a new one
      *
      IF NO.ITEMS > 0 THEN
         *
         IF NOT(BYPASS.RECORD.FLAG) THEN
            *
            IF AUD.ID # '' THEN
               *
               READU AUD.LOG FROM LOG.FILE, AUD.ID ELSE
                  AUD.LOG = ""
               END
               *
               IF NEW.DATA = '' THEN NEW.DATA = 'NULL'   ; * NKH01
               IF OLD.DATA = '' THEN OLD.DATA = 'NULL'   ; * NKH01
               AUD.LOG = INSERT(AUD.LOG,1,1;PROC.DTE)
               AUD.LOG = INSERT(AUD.LOG,2,1;SYS.TME)
               AUD.LOG = INSERT(AUD.LOG,3,1;USER)
               AUD.LOG = INSERT(AUD.LOG,4,1;DESCRIP)
               AUD.LOG = INSERT(AUD.LOG,5,1;NEW.DATA)
               AUD.LOG = INSERT(AUD.LOG,6,1;OLD.DATA)
               AUD.LOG = INSERT(AUD.LOG,7,1;RECORD.ID)
               AUD.LOG = INSERT(AUD.LOG,8,1;SOURCE.PROCESS)
               AUD.LOG = INSERT(AUD.LOG,9,1;SOURCE.FILE)
               AUD.LOG = INSERT(AUD.LOG,10,1;PORT)
               *
               AUD.HIST.CNT = DCOUNT(AUD.LOG<1>,VM)
               IF AUD.HIST.CNT > NO.ITEMS THEN
                  FOR DEL.O.LOOP = AUD.HIST.CNT TO (NO.ITEMS + 1) STEP -1
                     FOR DEL.LOOP = 1 TO 7
                        AUD.LOG = DELETE(AUD.LOG,DEL.LOOP,DEL.O.LOOP)
                     NEXT DEL.LOOP
                  NEXT DEL.O.LOOP
               END
               *
               WRITE AUD.LOG ON LOG.FILE, AUD.ID

            END
         END
      END
      *
      CLOSE LOG.FILE
     
      RETURN
      *
      ****************************************
      *
      * Detailed documentation
      *
      * This program is called by programs that change data in order to track
      * and create an audit trail of the change
      * 
      *
      * AUDIT.LOG        - LOG file name
      * PROC.DTE         - internal date variable from AUD.LOG
      * sys.TME          - time variable from the AUD.LOG
      * USER             - user variable from the AUD.LOG
      * DESCRIP          - description variable from the AUD.LOG
      * NEW.DATA         - new data variable
      * OLD.DATA         - old data variable
      * RECORD.ID        - Record ID from file being changed
      * SOURCE.PROCESS   - Process making data change
      * Source.File      - File of change made
      * POrt             - Port number where change was made
      

 END
