      SUBROUTINE UPD.AUDIT.LOG(VIN, VOUT, ORIG.REC, NEW.REC, F.AUDIT.LOG)

RETURN
* VIN<1> is System Name. I.e. 'AFS', 'VCI-AR'
* VIN<2> is the Program Name doing the updating
* VIN<3> is the login id of the person updating
* VIN<4> is the File Name being updated
* VIN<5> is the record name being updated

      INT.TODAY = DATE()
      INT.TIME = TIME()

      IF ORIG.REC # NEW.REC THEN
         SYSTEM = VIN<1>
         PROG.NAME = VIN<2>
         WHO = VIN<3>
         FILE.NAME = VIN<4>
         RECORD.ID = VIN<5>

         AUDIT.ID = SYSTEM:'_':FILE.NAME:'_':RECORD.ID:'_':PROG.NAME:'_':WHO:'_':INT.TODAY:'_':INT.TIME
         AUDIT.REC = ''
         VAL.CNT = 0

         OPR.FLD.CNT = DCOUNT(ORIG.REC, @FM)
         PR.FLD.CNT = DCOUNT(NEW.REC, @FM)
         OFC.CNT = OPR.FLD.CNT
         IF PR.FLD.CNT > OFC.CNT THEN OFC.CNT = PR.FLD.CNT
         FOR OFC = 1 TO OFC.CNT
            ORIG.FLD = LOWER(ORIG.REC<OFC>)
            NEW.FLD = LOWER(NEW.REC<OFC>)
            IF ORIG.FLD # NEW.FLD THEN
*            CRT COMPARING:' ':COMPARE.ID:' Field ':OFC 'R#4':ORIG.FLD:' - ':NEW.FLD
               VAL.CNT += 1
               AUDIT.REC<1, VAL.CNT, -1> = OFC
               AUDIT.REC<2, VAL.CNT, -1> = ORIG.FLD
               AUDIT.REC<3, VAL.CNT, -1> = NEW.FLD
            END
         NEXT OFC

         WRITE AUDIT.REC ON F.AUDIT.LOG, AUDIT.ID
      END

      RETURN
