      SUBROUTINE UPDATE.BOL.FTP.LOG(VIN,VOUT,ID.FTP)
*
      UPL.VIN = 'FBBP' ;  UPL.VIN<2> = 'UPDATE.BOL.FTP.LOG' ; UPL.VOUT = ''                    ;* NPR_UPL 04/23/2010
      CALL UPD.PROGRAM.LOG(UPL.VIN,UPL.VOUT)                                                           ;* NPR_UPL 04/23/2010
      OPEN '',"AFS.FTP.INI,LOG" TO F.FTP.INI.LOG ELSE
         VOUT<10> = "Could not open AFS.FTP.INI,LOG file"
         RETURN
      END
*

      ST.DATE     = VIN<1>    ; * Date started
      ST.TIME     = VIN<2>    ; * Time started
      PROG.NAME   = VIN<3>
      IMPORT.FILE = VIN<4>

      END.TIME  = TIME()

      CALL GET.USER(USER)

      ID.LOG = ID.FTP:"*":ST.DATE

      READ LOG.REC FROM F.FTP.INI.LOG, ID.LOG ELSE LOG.REC = ""

      LOG.REC<1,-1> = ST.TIME
      LOG.REC<2,-1> = END.TIME
      LOG.REC<3,-1> = USER

      WRITE LOG.REC ON F.FTP.INI.LOG, ID.LOG

      READ STAT.REC FROM F.FTP.INI.LOG, "STATUS" ELSE STAT.REC = ""

      LOCATE ID.FTP IN STAT.REC<1> SETTING POS THEN
         STAT.REC<2,POS> = ST.DATE
         STAT.REC<3,POS> = ST.TIME
         STAT.REC<4,POS> = END.TIME
         STAT.REC<5,POS> = USER
      END ELSE
         STAT.REC<1,-1> = ID.FTP
         STAT.REC<2,-1> = ST.DATE
         STAT.REC<3,-1> = ST.TIME
         STAT.REC<4,-1> = END.TIME
         STAT.REC<5,-1> = USER
      END

      WRITE STAT.REC ON F.FTP.INI.LOG, "STATUS"

      L.IN = PROG.NAME
      L.IN<2> = ID.LOG
******      L.IN<3> = "npratt@afs.net"
      L.OUT = ""
      L.OUT<3> = "BOL File imported on ":OCONV(ST.DATE,"D2/") : " = " :IMPORT.FILE
* CALL UPD.PROCESS.LOG(L.IN,L.OUT)
      RETURN
